<?xml version="1.0" encoding="UTF-8"?>
<testsuite name="TriangleTest" tests="2" skipped="0" failures="0" errors="0" timestamp="2019-10-21T23:25:41" hostname="Phoenix" time="0.004">
  <properties/>
  <testcase name="testInvalidConstruction" classname="TriangleTest" time="0.002"/>
  <testcase name="testValidConstruction" classname="TriangleTest" time="0.001"/>
  <system-out><![CDATA[]]></system-out>
  <system-err><![CDATA[]]></system-err>
</testsuite>
