<?xml version="1.0" encoding="UTF-8"?>
<testsuite name="CircleTest" tests="8" skipped="0" failures="0" errors="0" timestamp="2019-10-23T05:01:09" hostname="Phoenix" time="0.127">
  <properties/>
  <testcase name="testScale" classname="CircleTest" time="0.006"/>
  <testcase name="testMove" classname="CircleTest" time="0.0"/>
  <testcase name="testComputeArea" classname="CircleTest" time="0.0"/>
  <testcase name="testConstructionViaString" classname="CircleTest" time="0.002"/>
  <testcase name="testInvalidConstruction" classname="CircleTest" time="0.0"/>
  <testcase name="testRender" classname="CircleTest" time="0.116"/>
  <testcase name="testValidConstruction" classname="CircleTest" time="0.0"/>
  <testcase name="testStrongEncapsulation" classname="CircleTest" time="0.0"/>
  <system-out><![CDATA[]]></system-out>
  <system-err><![CDATA[]]></system-err>
</testsuite>
