<?xml version="1.0" encoding="UTF-8"?>
<testsuite name="TriangleTest" tests="7" skipped="0" failures="0" errors="0" timestamp="2019-10-23T07:52:15" hostname="Phoenix" time="0.013">
  <properties/>
  <testcase name="render" classname="TriangleTest" time="0.01"/>
  <testcase name="move" classname="TriangleTest" time="0.0"/>
  <testcase name="scale" classname="TriangleTest" time="0.0"/>
  <testcase name="computeArea" classname="TriangleTest" time="0.0"/>
  <testcase name="testConstructionViaString" classname="TriangleTest" time="0.001"/>
  <testcase name="testInvalidConstruction" classname="TriangleTest" time="0.0"/>
  <testcase name="testValidConstruction" classname="TriangleTest" time="0.001"/>
  <system-out><![CDATA[]]></system-out>
  <system-err><![CDATA[]]></system-err>
</testsuite>
