<?xml version="1.0" encoding="UTF-8"?>
<testsuite name="ShapeFactoryTest" tests="1" skipped="0" failures="0" errors="0" timestamp="2019-10-23T18:32:01" hostname="Phoenix" time="0.001">
  <properties/>
  <testcase name="testCreate" classname="ShapeFactoryTest" time="0.001"/>
  <system-out><![CDATA[]]></system-out>
  <system-err><![CDATA[]]></system-err>
</testsuite>
