<?xml version="1.0" encoding="UTF-8"?>
<testsuite name="LineTest" tests="1" skipped="0" failures="0" errors="0" timestamp="2019-10-22T23:59:29" hostname="Phoenix" time="0.005">
  <properties/>
  <testcase name="testConstructionViaString" classname="LineTest" time="0.005"/>
  <system-out><![CDATA[]]></system-out>
  <system-err><![CDATA[]]></system-err>
</testsuite>
