<?xml version="1.0" encoding="UTF-8"?>
<testsuite name="LineTest" tests="6" skipped="0" failures="0" errors="0" timestamp="2019-10-21T07:15:38" hostname="Phoenix" time="0.018">
  <properties/>
  <testcase name="testComputeLength" classname="LineTest" time="0.003"/>
  <testcase name="testMove" classname="LineTest" time="0.001"/>
  <testcase name="testComputeSlope" classname="LineTest" time="0.001"/>
  <testcase name="testInvalidConstruction" classname="LineTest" time="0.001"/>
  <testcase name="testValidConstruction" classname="LineTest" time="0.001"/>
  <testcase name="testStrongEncapsulation" classname="LineTest" time="0.008"/>
  <system-out><![CDATA[]]></system-out>
  <system-err><![CDATA[]]></system-err>
</testsuite>
