<?xml version="1.0" encoding="UTF-8"?>
<testsuite name="ValidatorTest" tests="2" skipped="0" failures="0" errors="0" timestamp="2019-10-21T23:25:41" hostname="Phoenix" time="0.0">
  <properties/>
  <testcase name="testValidateDouble" classname="ValidatorTest" time="0.0"/>
  <testcase name="testValidatePositiveDouble" classname="ValidatorTest" time="0.0"/>
  <system-out><![CDATA[]]></system-out>
  <system-err><![CDATA[]]></system-err>
</testsuite>
