<?xml version="1.0" encoding="UTF-8"?>
<testsuite name="ShapeFactoryTest" tests="1" skipped="0" failures="0" errors="0" timestamp="2019-10-23T07:52:15" hostname="Phoenix" time="0.002">
  <properties/>
  <testcase name="testCreate" classname="ShapeFactoryTest" time="0.002"/>
  <system-out><![CDATA[]]></system-out>
  <system-err><![CDATA[]]></system-err>
</testsuite>
