<?xml version="1.0" encoding="UTF-8"?>
<testsuite name="TriangleTest" tests="6" skipped="0" failures="0" errors="0" timestamp="2019-10-22T23:44:03" hostname="Phoenix" time="0.029">
  <properties/>
  <testcase name="render" classname="TriangleTest" time="0.014"/>
  <testcase name="move" classname="TriangleTest" time="0.0"/>
  <testcase name="scale" classname="TriangleTest" time="0.001"/>
  <testcase name="computeArea" classname="TriangleTest" time="0.0"/>
  <testcase name="testInvalidConstruction" classname="TriangleTest" time="0.001"/>
  <testcase name="testValidConstruction" classname="TriangleTest" time="0.0"/>
  <system-out><![CDATA[]]></system-out>
  <system-err><![CDATA[]]></system-err>
</testsuite>
