<?xml version="1.0" encoding="UTF-8"?>
<testsuite name="IOStreamTest" tests="1" skipped="0" failures="0" errors="0" timestamp="2019-10-23T18:32:01" hostname="Phoenix" time="0.045">
  <properties/>
  <testcase name="readWriteShape" classname="IOStreamTest" time="0.045"/>
  <system-out><![CDATA[
Read Object from file: 
Composite:4
Circle:100.0,100.0,50.0
Rectangle:-1.5,0.0,1.5,0.0,1.5,-2.0,-1.5,-2.0
EmbeddedImage:goku.jpg,10.0,10.0,100,100
Composite:2
Triangle:-1.5,0.0,1.5,0.0,1.5,-2.0
Line:-1.5,0.0,40.0,60.0



Expected Object from file: 
Composite:4
Circle:100.0,100.0,50.0
Rectangle:-1.5,0.0,1.5,0.0,1.5,-2.0,-1.5,-2.0
EmbeddedImage:goku.jpg,10.0,10.0,100,100
Composite:2
Triangle:-1.5,0.0,1.5,0.0,1.5,-2.0
Line:-1.5,0.0,40.0,60.0


]]></system-out>
  <system-err><![CDATA[]]></system-err>
</testsuite>
