<?xml version="1.0" encoding="UTF-8"?>
<testsuite name="CircleTest" tests="7" skipped="0" failures="0" errors="0" timestamp="2019-10-22T23:21:46" hostname="Phoenix" time="0.189">
  <properties/>
  <testcase name="testScale" classname="CircleTest" time="0.004"/>
  <testcase name="testMove" classname="CircleTest" time="0.0"/>
  <testcase name="testComputeArea" classname="CircleTest" time="0.0"/>
  <testcase name="testInvalidConstruction" classname="CircleTest" time="0.001"/>
  <testcase name="testRender" classname="CircleTest" time="0.182"/>
  <testcase name="testValidConstruction" classname="CircleTest" time="0.0"/>
  <testcase name="testStrongEncapsulation" classname="CircleTest" time="0.0"/>
  <system-out><![CDATA[]]></system-out>
  <system-err><![CDATA[]]></system-err>
</testsuite>
