<?xml version="1.0" encoding="UTF-8"?>
<testsuite name="LineTest" tests="6" skipped="0" failures="0" errors="0" timestamp="2019-10-22T00:13:05" hostname="Phoenix" time="0.005">
  <properties/>
  <testcase name="testComputeLength" classname="LineTest" time="0.002"/>
  <testcase name="testMove" classname="LineTest" time="0.0"/>
  <testcase name="testComputeSlope" classname="LineTest" time="0.0"/>
  <testcase name="testInvalidConstruction" classname="LineTest" time="0.0"/>
  <testcase name="testValidConstruction" classname="LineTest" time="0.0"/>
  <testcase name="testStrongEncapsulation" classname="LineTest" time="0.001"/>
  <system-out><![CDATA[]]></system-out>
  <system-err><![CDATA[]]></system-err>
</testsuite>
