<?xml version="1.0" encoding="UTF-8"?>
<testsuite name="ShapeExceptionTest" tests="1" skipped="0" failures="0" errors="0" timestamp="2019-10-23T07:52:15" hostname="Phoenix" time="0.001">
  <properties/>
  <testcase name="testConstruction" classname="ShapeExceptionTest" time="0.001"/>
  <system-out><![CDATA[]]></system-out>
  <system-err><![CDATA[]]></system-err>
</testsuite>
