<?xml version="1.0" encoding="UTF-8"?>
<testsuite name="TriangleTest" tests="1" skipped="0" failures="0" errors="0" timestamp="2019-10-21T23:54:08" hostname="Phoenix" time="0.004">
  <properties/>
  <testcase name="computeArea" classname="TriangleTest" time="0.004"/>
  <system-out><![CDATA[]]></system-out>
  <system-err><![CDATA[]]></system-err>
</testsuite>
